{"/home/vivekr/react/blinkist/src/components/molecules/bookcard/bookCard.tsx": {"path":"/home/vivekr/react/blinkist/src/components/molecules/bookcard/bookCard.tsx","statementMap":{"0":{"start":{"line":16,"column":18},"end":{"line":34,"column":3}},"1":{"start":{"line":16,"column":45},"end":{"line":34,"column":1}},"2":{"start":{"line":38,"column":18},"end":{"line":38,"column":44}},"3":{"start":{"line":40,"column":30},"end":{"line":40,"column":57}},"4":{"start":{"line":42,"column":18},"end":{"line":45,"column":3}},"5":{"start":{"line":43,"column":4},"end":{"line":43,"column":21}},"6":{"start":{"line":44,"column":4},"end":{"line":44,"column":24}},"7":{"start":{"line":47,"column":2},"end":{"line":82,"column":4}},"8":{"start":{"line":60,"column":55},"end":{"line":60,"column":104}},"9":{"start":{"line":60,"column":105},"end":{"line":60,"column":136}},"10":{"start":{"line":76,"column":66},"end":{"line":76,"column":75}},"11":{"start":{"line":77,"column":88},"end":{"line":77,"column":97}}},"fnMap":{"0":{"name":"(anonymous_0)","decl":{"start":{"line":16,"column":29},"end":{"line":16,"column":30}},"loc":{"start":{"line":16,"column":45},"end":{"line":34,"column":1}},"line":16},"1":{"name":"BookCard","decl":{"start":{"line":36,"column":9},"end":{"line":36,"column":17}},"loc":{"start":{"line":36,"column":64},"end":{"line":83,"column":1}},"line":36},"2":{"name":"(anonymous_2)","decl":{"start":{"line":42,"column":18},"end":{"line":42,"column":19}},"loc":{"start":{"line":42,"column":23},"end":{"line":45,"column":3}},"line":42},"3":{"name":"(anonymous_3)","decl":{"start":{"line":60,"column":50},"end":{"line":60,"column":51}},"loc":{"start":{"line":60,"column":54},"end":{"line":60,"column":138}},"line":60},"4":{"name":"(anonymous_4)","decl":{"start":{"line":76,"column":62},"end":{"line":76,"column":63}},"loc":{"start":{"line":76,"column":66},"end":{"line":76,"column":75}},"line":76},"5":{"name":"(anonymous_5)","decl":{"start":{"line":77,"column":84},"end":{"line":77,"column":85}},"loc":{"start":{"line":77,"column":88},"end":{"line":77,"column":97}},"line":77}},"branchMap":{"0":{"loc":{"start":{"line":73,"column":9},"end":{"line":73,"column":99}},"type":"cond-expr","locations":[{"start":{"line":73,"column":31},"end":{"line":73,"column":86}},{"start":{"line":73,"column":87},"end":{"line":73,"column":99}}],"line":73},"1":{"loc":{"start":{"line":76,"column":6},"end":{"line":78,"column":204}},"type":"cond-expr","locations":[{"start":{"line":76,"column":30},"end":{"line":76,"column":175}},{"start":{"line":77,"column":30},"end":{"line":78,"column":204}}],"line":76},"2":{"loc":{"start":{"line":77,"column":30},"end":{"line":78,"column":204}},"type":"cond-expr","locations":[{"start":{"line":77,"column":52},"end":{"line":77,"column":170}},{"start":{"line":78,"column":52},"end":{"line":78,"column":204}}],"line":77}},"s":{"0":5,"1":4,"2":12,"3":11,"4":11,"5":2,"6":2,"7":11,"8":3,"9":3,"10":1,"11":1},"f":{"0":4,"1":12,"2":2,"3":3,"4":1,"5":1},"b":{"0":[3,8],"1":[7,4],"2":[1,3]},"_coverageSchema":"1a1c01bbd47fc00a2c39e90264f33305004495a9","hash":"15a58b6aec0e06a908bf2830e01dd7195c5c588d"}
,"/home/vivekr/react/blinkist/src/components/organisms/fotter/fotter.tsx": {"path":"/home/vivekr/react/blinkist/src/components/organisms/fotter/fotter.tsx","statementMap":{"0":{"start":{"line":5,"column":18},"end":{"line":11,"column":2}},"1":{"start":{"line":14,"column":20},"end":{"line":14,"column":31}},"2":{"start":{"line":15,"column":22},"end":{"line":15,"column":101}},"3":{"start":{"line":16,"column":24},"end":{"line":16,"column":103}},"4":{"start":{"line":17,"column":20},"end":{"line":17,"column":71}},"5":{"start":{"line":18,"column":4},"end":{"line":43,"column":6}},"6":{"start":{"line":47,"column":4},"end":{"line":62,"column":6}},"7":{"start":{"line":55,"column":21},"end":{"line":59,"column":27}}},"fnMap":{"0":{"name":"Fotter","decl":{"start":{"line":13,"column":9},"end":{"line":13,"column":15}},"loc":{"start":{"line":13,"column":17},"end":{"line":44,"column":1}},"line":13},"1":{"name":"GetList","decl":{"start":{"line":46,"column":9},"end":{"line":46,"column":16}},"loc":{"start":{"line":46,"column":58},"end":{"line":63,"column":1}},"line":46},"2":{"name":"(anonymous_2)","decl":{"start":{"line":54,"column":28},"end":{"line":54,"column":29}},"loc":{"start":{"line":55,"column":21},"end":{"line":59,"column":27}},"line":55}},"branchMap":{},"s":{"0":7,"1":9,"2":9,"3":9,"4":9,"5":9,"6":27,"7":117},"f":{"0":9,"1":27,"2":117},"b":{},"_coverageSchema":"1a1c01bbd47fc00a2c39e90264f33305004495a9","hash":"ad78ec31f198a74339332a99712ac65e4997e232"}
,"/home/vivekr/react/blinkist/src/components/organisms/navbar/navbar.tsx": {"path":"/home/vivekr/react/blinkist/src/components/organisms/navbar/navbar.tsx","statementMap":{"0":{"start":{"line":14,"column":18},"end":{"line":22,"column":3}},"1":{"start":{"line":14,"column":45},"end":{"line":22,"column":1}},"2":{"start":{"line":26,"column":20},"end":{"line":26,"column":46}},"3":{"start":{"line":28,"column":42},"end":{"line":28,"column":57}},"4":{"start":{"line":30,"column":36},"end":{"line":30,"column":76}},"5":{"start":{"line":32,"column":17},"end":{"line":32,"column":34}},"6":{"start":{"line":34,"column":24},"end":{"line":36,"column":5}},"7":{"start":{"line":35,"column":6},"end":{"line":35,"column":39}},"8":{"start":{"line":38,"column":24},"end":{"line":40,"column":5}},"9":{"start":{"line":39,"column":6},"end":{"line":39,"column":24}},"10":{"start":{"line":42,"column":58},"end":{"line":42,"column":68}},"11":{"start":{"line":44,"column":4},"end":{"line":136,"column":6}},"12":{"start":{"line":88,"column":49},"end":{"line":88,"column":77}},"13":{"start":{"line":123,"column":58},"end":{"line":123,"column":77}},"14":{"start":{"line":126,"column":78},"end":{"line":126,"column":122}}},"fnMap":{"0":{"name":"(anonymous_0)","decl":{"start":{"line":14,"column":29},"end":{"line":14,"column":30}},"loc":{"start":{"line":14,"column":45},"end":{"line":22,"column":1}},"line":14},"1":{"name":"NavBar","decl":{"start":{"line":24,"column":9},"end":{"line":24,"column":15}},"loc":{"start":{"line":24,"column":57},"end":{"line":137,"column":1}},"line":24},"2":{"name":"(anonymous_2)","decl":{"start":{"line":34,"column":24},"end":{"line":34,"column":25}},"loc":{"start":{"line":34,"column":72},"end":{"line":36,"column":5}},"line":34},"3":{"name":"(anonymous_3)","decl":{"start":{"line":38,"column":24},"end":{"line":38,"column":25}},"loc":{"start":{"line":38,"column":30},"end":{"line":40,"column":5}},"line":38},"4":{"name":"(anonymous_4)","decl":{"start":{"line":88,"column":45},"end":{"line":88,"column":46}},"loc":{"start":{"line":88,"column":49},"end":{"line":88,"column":77}},"line":88},"5":{"name":"(anonymous_5)","decl":{"start":{"line":123,"column":52},"end":{"line":123,"column":53}},"loc":{"start":{"line":123,"column":58},"end":{"line":123,"column":77}},"line":123},"6":{"name":"(anonymous_6)","decl":{"start":{"line":126,"column":72},"end":{"line":126,"column":73}},"loc":{"start":{"line":126,"column":78},"end":{"line":126,"column":122}},"line":126}},"branchMap":{"0":{"loc":{"start":{"line":90,"column":26},"end":{"line":90,"column":70}},"type":"cond-expr","locations":[{"start":{"line":90,"column":35},"end":{"line":90,"column":52}},{"start":{"line":90,"column":53},"end":{"line":90,"column":70}}],"line":90},"1":{"loc":{"start":{"line":93,"column":9},"end":{"line":99,"column":13}},"type":"binary-expr","locations":[{"start":{"line":93,"column":9},"end":{"line":93,"column":24}},{"start":{"line":93,"column":29},"end":{"line":99,"column":13}}],"line":93},"2":{"loc":{"start":{"line":106,"column":24},"end":{"line":106,"column":55}},"type":"cond-expr","locations":[{"start":{"line":106,"column":31},"end":{"line":106,"column":43}},{"start":{"line":106,"column":46},"end":{"line":106,"column":55}}],"line":106},"3":{"loc":{"start":{"line":108,"column":24},"end":{"line":108,"column":49}},"type":"cond-expr","locations":[{"start":{"line":108,"column":31},"end":{"line":108,"column":37}},{"start":{"line":108,"column":40},"end":{"line":108,"column":49}}],"line":108}},"s":{"0":7,"1":9,"2":18,"3":11,"4":11,"5":11,"6":11,"7":1,"8":11,"9":0,"10":11,"11":11,"12":1,"13":0,"14":0},"f":{"0":9,"1":18,"2":1,"3":0,"4":1,"5":0,"6":0},"b":{"0":[2,9],"1":[11,0],"2":[1,10],"3":[1,10]},"_coverageSchema":"1a1c01bbd47fc00a2c39e90264f33305004495a9","hash":"facae28638002fdd0c34f2b7ad58407492a896fb"}
,"/home/vivekr/react/blinkist/src/components/templates/homepagetemplate/homePageTemplate.tsx": {"path":"/home/vivekr/react/blinkist/src/components/templates/homepagetemplate/homePageTemplate.tsx","statementMap":{"0":{"start":{"line":14,"column":22},"end":{"line":16,"column":5}},"1":{"start":{"line":15,"column":8},"end":{"line":15,"column":83}},"2":{"start":{"line":15,"column":55},"end":{"line":15,"column":81}},"3":{"start":{"line":18,"column":19},"end":{"line":25,"column":5}},"4":{"start":{"line":19,"column":8},"end":{"line":19,"column":42}},"5":{"start":{"line":20,"column":8},"end":{"line":24,"column":74}},"6":{"start":{"line":24,"column":28},"end":{"line":24,"column":43}},"7":{"start":{"line":24,"column":56},"end":{"line":24,"column":72}},"8":{"start":{"line":27,"column":21},"end":{"line":32,"column":5}},"9":{"start":{"line":28,"column":27},"end":{"line":28,"column":106}},"10":{"start":{"line":28,"column":55},"end":{"line":28,"column":105}},"11":{"start":{"line":29,"column":28},"end":{"line":29,"column":108}},"12":{"start":{"line":29,"column":56},"end":{"line":29,"column":107}},"13":{"start":{"line":30,"column":22},"end":{"line":30,"column":82}},"14":{"start":{"line":30,"column":52},"end":{"line":30,"column":81}},"15":{"start":{"line":31,"column":7},"end":{"line":31,"column":55}},"16":{"start":{"line":34,"column":4},"end":{"line":50,"column":6}},"17":{"start":{"line":45,"column":46},"end":{"line":45,"column":103}},"18":{"start":{"line":45,"column":82},"end":{"line":45,"column":99}}},"fnMap":{"0":{"name":"HomePageTemplate","decl":{"start":{"line":9,"column":9},"end":{"line":9,"column":25}},"loc":{"start":{"line":12,"column":77},"end":{"line":53,"column":1}},"line":12},"1":{"name":"(anonymous_1)","decl":{"start":{"line":14,"column":22},"end":{"line":14,"column":23}},"loc":{"start":{"line":14,"column":42},"end":{"line":16,"column":5}},"line":14},"2":{"name":"(anonymous_2)","decl":{"start":{"line":15,"column":46},"end":{"line":15,"column":47}},"loc":{"start":{"line":15,"column":55},"end":{"line":15,"column":81}},"line":15},"3":{"name":"(anonymous_3)","decl":{"start":{"line":18,"column":19},"end":{"line":18,"column":20}},"loc":{"start":{"line":18,"column":37},"end":{"line":25,"column":5}},"line":18},"4":{"name":"(anonymous_4)","decl":{"start":{"line":24,"column":16},"end":{"line":24,"column":17}},"loc":{"start":{"line":24,"column":28},"end":{"line":24,"column":43}},"line":24},"5":{"name":"(anonymous_5)","decl":{"start":{"line":24,"column":50},"end":{"line":24,"column":51}},"loc":{"start":{"line":24,"column":56},"end":{"line":24,"column":72}},"line":24},"6":{"name":"(anonymous_6)","decl":{"start":{"line":27,"column":21},"end":{"line":27,"column":22}},"loc":{"start":{"line":27,"column":37},"end":{"line":32,"column":5}},"line":27},"7":{"name":"(anonymous_7)","decl":{"start":{"line":28,"column":46},"end":{"line":28,"column":47}},"loc":{"start":{"line":28,"column":55},"end":{"line":28,"column":105}},"line":28},"8":{"name":"(anonymous_8)","decl":{"start":{"line":29,"column":47},"end":{"line":29,"column":48}},"loc":{"start":{"line":29,"column":56},"end":{"line":29,"column":107}},"line":29},"9":{"name":"(anonymous_9)","decl":{"start":{"line":30,"column":42},"end":{"line":30,"column":43}},"loc":{"start":{"line":30,"column":52},"end":{"line":30,"column":81}},"line":30},"10":{"name":"(anonymous_10)","decl":{"start":{"line":45,"column":37},"end":{"line":45,"column":38}},"loc":{"start":{"line":45,"column":46},"end":{"line":45,"column":103}},"line":45},"11":{"name":"(anonymous_11)","decl":{"start":{"line":45,"column":78},"end":{"line":45,"column":79}},"loc":{"start":{"line":45,"column":82},"end":{"line":45,"column":99}},"line":45}},"branchMap":{},"s":{"0":4,"1":1,"2":6,"3":4,"4":0,"5":0,"6":0,"7":0,"8":4,"9":1,"10":6,"11":1,"12":6,"13":1,"14":0,"15":1,"16":4,"17":6,"18":0},"f":{"0":4,"1":1,"2":6,"3":0,"4":0,"5":0,"6":1,"7":6,"8":6,"9":0,"10":6,"11":0},"b":{},"_coverageSchema":"1a1c01bbd47fc00a2c39e90264f33305004495a9","hash":"d61d00ef87f00f7cb5403e9a9bb40e0229d58f70"}
}
