{"/home/vivekr/react/blinkist/src/App.tsx": {"path":"/home/vivekr/react/blinkist/src/App.tsx","statementMap":{"0":{"start":{"line":10,"column":2},"end":{"line":23,"column":4}}},"fnMap":{"0":{"name":"App","decl":{"start":{"line":9,"column":9},"end":{"line":9,"column":12}},"loc":{"start":{"line":9,"column":15},"end":{"line":24,"column":1}},"line":9}},"branchMap":{},"s":{"0":0},"f":{"0":0},"b":{}}
,"/home/vivekr/react/blinkist/src/index.tsx": {"path":"/home/vivekr/react/blinkist/src/index.tsx","statementMap":{"0":{"start":{"line":8,"column":0},"end":{"line":17,"column":2}},"1":{"start":{"line":19,"column":0},"end":{"line":19,"column":18}}},"fnMap":{},"branchMap":{},"s":{"0":0,"1":0},"f":{},"b":{}}
,"/home/vivekr/react/blinkist/src/reportWebVitals.ts": {"path":"/home/vivekr/react/blinkist/src/reportWebVitals.ts","statementMap":{"0":{"start":{"line":3,"column":24},"end":{"line":13,"column":1}},"1":{"start":{"line":4,"column":2},"end":{"line":12,"column":3}},"2":{"start":{"line":5,"column":4},"end":{"line":11,"column":7}},"3":{"start":{"line":6,"column":6},"end":{"line":6,"column":26}},"4":{"start":{"line":7,"column":6},"end":{"line":7,"column":26}},"5":{"start":{"line":8,"column":6},"end":{"line":8,"column":26}},"6":{"start":{"line":9,"column":6},"end":{"line":9,"column":26}},"7":{"start":{"line":10,"column":6},"end":{"line":10,"column":27}}},"fnMap":{"0":{"name":"(anonymous_0)","decl":{"start":{"line":3,"column":24},"end":{"line":3,"column":25}},"loc":{"start":{"line":3,"column":57},"end":{"line":13,"column":1}},"line":3},"1":{"name":"(anonymous_1)","decl":{"start":{"line":5,"column":30},"end":{"line":5,"column":31}},"loc":{"start":{"line":5,"column":79},"end":{"line":11,"column":5}},"line":5}},"branchMap":{"0":{"loc":{"start":{"line":4,"column":2},"end":{"line":12,"column":3}},"type":"if","locations":[{"start":{"line":4,"column":2},"end":{"line":12,"column":3}},{"start":{},"end":{}}],"line":4},"1":{"loc":{"start":{"line":4,"column":6},"end":{"line":4,"column":52}},"type":"binary-expr","locations":[{"start":{"line":4,"column":6},"end":{"line":4,"column":17}},{"start":{"line":4,"column":21},"end":{"line":4,"column":52}}],"line":4}},"s":{"0":0,"1":0,"2":0,"3":0,"4":0,"5":0,"6":0,"7":0},"f":{"0":0,"1":0},"b":{"0":[0,0],"1":[0,0]}}
,"/home/vivekr/react/blinkist/src/theme.tsx": {"path":"/home/vivekr/react/blinkist/src/theme.tsx","statementMap":{"0":{"start":{"line":22,"column":21},"end":{"line":22,"column":34}},"1":{"start":{"line":24,"column":14},"end":{"line":73,"column":2}},"2":{"start":{"line":75,"column":24},"end":{"line":75,"column":50}}},"fnMap":{},"branchMap":{},"s":{"0":8,"1":8,"2":8},"f":{},"b":{},"_coverageSchema":"1a1c01bbd47fc00a2c39e90264f33305004495a9","hash":"91cca028389c0232489130e6a3a0019fdb53ee12"}
,"/home/vivekr/react/blinkist/src/classes/bookClass.tsx": {"path":"/home/vivekr/react/blinkist/src/classes/bookClass.tsx","statementMap":{"0":{"start":{"line":12,"column":6},"end":{"line":12,"column":18}},"1":{"start":{"line":13,"column":6},"end":{"line":13,"column":25}},"2":{"start":{"line":14,"column":6},"end":{"line":14,"column":25}},"3":{"start":{"line":15,"column":6},"end":{"line":15,"column":27}},"4":{"start":{"line":16,"column":6},"end":{"line":16,"column":23}},"5":{"start":{"line":17,"column":6},"end":{"line":17,"column":31}},"6":{"start":{"line":18,"column":6},"end":{"line":18,"column":27}}},"fnMap":{"0":{"name":"(anonymous_0)","decl":{"start":{"line":11,"column":4},"end":{"line":11,"column":5}},"loc":{"start":{"line":11,"column":119},"end":{"line":19,"column":5}},"line":11}},"branchMap":{},"s":{"0":2,"1":2,"2":2,"3":2,"4":2,"5":2,"6":2},"f":{"0":2},"b":{},"_coverageSchema":"1a1c01bbd47fc00a2c39e90264f33305004495a9","hash":"951c0f078f1217a0e294440b5e9c99c3bfbdfc4d"}
,"/home/vivekr/react/blinkist/src/components/atoms/header/myLibraryHeader.stories.tsx": {"path":"/home/vivekr/react/blinkist/src/components/atoms/header/myLibraryHeader.stories.tsx","statementMap":{"0":{"start":{"line":8,"column":22},"end":{"line":8,"column":38}},"1":{"start":{"line":8,"column":28},"end":{"line":8,"column":38}}},"fnMap":{"0":{"name":"(anonymous_0)","decl":{"start":{"line":8,"column":22},"end":{"line":8,"column":23}},"loc":{"start":{"line":8,"column":28},"end":{"line":8,"column":38}},"line":8}},"branchMap":{},"s":{"0":0,"1":0},"f":{"0":0},"b":{}}
,"/home/vivekr/react/blinkist/src/components/atoms/header/myLibraryHeader.tsx": {"path":"/home/vivekr/react/blinkist/src/components/atoms/header/myLibraryHeader.tsx","statementMap":{"0":{"start":{"line":4,"column":4},"end":{"line":8,"column":5}}},"fnMap":{"0":{"name":"Header","decl":{"start":{"line":3,"column":9},"end":{"line":3,"column":15}},"loc":{"start":{"line":3,"column":17},"end":{"line":9,"column":1}},"line":3}},"branchMap":{},"s":{"0":5},"f":{"0":5},"b":{},"_coverageSchema":"1a1c01bbd47fc00a2c39e90264f33305004495a9","hash":"e21650f9a183db10c9f06d8cdfcf7aa5eabbf7dc"}
,"/home/vivekr/react/blinkist/src/components/atoms/icons/icons.stories.tsx": {"path":"/home/vivekr/react/blinkist/src/components/atoms/icons/icons.stories.tsx","statementMap":{"0":{"start":{"line":5,"column":0},"end":{"line":13,"column":2}},"1":{"start":{"line":6,"column":4},"end":{"line":8,"column":69}},"2":{"start":{"line":8,"column":26},"end":{"line":8,"column":64}},"3":{"start":{"line":10,"column":27},"end":{"line":10,"column":58}},"4":{"start":{"line":11,"column":4},"end":{"line":11,"column":36}},"5":{"start":{"line":12,"column":4},"end":{"line":12,"column":47}}},"fnMap":{"0":{"name":"(anonymous_0)","decl":{"start":{"line":5,"column":26},"end":{"line":5,"column":27}},"loc":{"start":{"line":5,"column":32},"end":{"line":13,"column":1}},"line":5},"1":{"name":"(anonymous_1)","decl":{"start":{"line":8,"column":22},"end":{"line":8,"column":23}},"loc":{"start":{"line":8,"column":26},"end":{"line":8,"column":64}},"line":8}},"branchMap":{},"s":{"0":0,"1":0,"2":0,"3":0,"4":0,"5":0},"f":{"0":0,"1":0},"b":{}}
,"/home/vivekr/react/blinkist/src/components/atoms/icons/icons.tsx": {"path":"/home/vivekr/react/blinkist/src/components/atoms/icons/icons.tsx","statementMap":{"0":{"start":{"line":4,"column":16},"end":{"line":10,"column":2}},"1":{"start":{"line":13,"column":18},"end":{"line":13,"column":29}},"2":{"start":{"line":14,"column":4},"end":{"line":18,"column":6}},"3":{"start":{"line":15,"column":77},"end":{"line":15,"column":93}}},"fnMap":{"0":{"name":"Icons","decl":{"start":{"line":12,"column":9},"end":{"line":12,"column":14}},"loc":{"start":{"line":12,"column":71},"end":{"line":19,"column":5}},"line":12},"1":{"name":"(anonymous_1)","decl":{"start":{"line":15,"column":73},"end":{"line":15,"column":74}},"loc":{"start":{"line":15,"column":77},"end":{"line":15,"column":93}},"line":15}},"branchMap":{},"s":{"0":7,"1":180,"2":180,"3":20},"f":{"0":180,"1":20},"b":{},"_coverageSchema":"1a1c01bbd47fc00a2c39e90264f33305004495a9","hash":"e0e19d639e23e1adfcb470e9e4c63043b878938e"}
,"/home/vivekr/react/blinkist/src/components/atoms/logo/logo.stories.tsx": {"path":"/home/vivekr/react/blinkist/src/components/atoms/logo/logo.stories.tsx","statementMap":{"0":{"start":{"line":9,"column":20},"end":{"line":9,"column":33}},"1":{"start":{"line":9,"column":25},"end":{"line":9,"column":33}}},"fnMap":{"0":{"name":"(anonymous_0)","decl":{"start":{"line":9,"column":20},"end":{"line":9,"column":21}},"loc":{"start":{"line":9,"column":25},"end":{"line":9,"column":33}},"line":9}},"branchMap":{},"s":{"0":0,"1":0},"f":{"0":0},"b":{}}
,"/home/vivekr/react/blinkist/src/components/atoms/logo/logo.tsx": {"path":"/home/vivekr/react/blinkist/src/components/atoms/logo/logo.tsx","statementMap":{"0":{"start":{"line":4,"column":4},"end":{"line":6,"column":6}}},"fnMap":{"0":{"name":"Logo","decl":{"start":{"line":3,"column":9},"end":{"line":3,"column":13}},"loc":{"start":{"line":3,"column":15},"end":{"line":7,"column":1}},"line":3}},"branchMap":{},"s":{"0":0},"f":{"0":0},"b":{}}
,"/home/vivekr/react/blinkist/src/components/molecules/bookcard/bookCard.tsx": {"path":"/home/vivekr/react/blinkist/src/components/molecules/bookcard/bookCard.tsx","statementMap":{"0":{"start":{"line":16,"column":18},"end":{"line":34,"column":3}},"1":{"start":{"line":16,"column":45},"end":{"line":34,"column":1}},"2":{"start":{"line":38,"column":18},"end":{"line":38,"column":44}},"3":{"start":{"line":40,"column":30},"end":{"line":40,"column":57}},"4":{"start":{"line":42,"column":18},"end":{"line":45,"column":3}},"5":{"start":{"line":43,"column":4},"end":{"line":43,"column":21}},"6":{"start":{"line":44,"column":4},"end":{"line":44,"column":24}},"7":{"start":{"line":47,"column":2},"end":{"line":82,"column":4}},"8":{"start":{"line":60,"column":55},"end":{"line":60,"column":104}},"9":{"start":{"line":60,"column":105},"end":{"line":60,"column":136}},"10":{"start":{"line":76,"column":66},"end":{"line":76,"column":75}},"11":{"start":{"line":77,"column":88},"end":{"line":77,"column":97}}},"fnMap":{"0":{"name":"(anonymous_0)","decl":{"start":{"line":16,"column":29},"end":{"line":16,"column":30}},"loc":{"start":{"line":16,"column":45},"end":{"line":34,"column":1}},"line":16},"1":{"name":"BookCard","decl":{"start":{"line":36,"column":9},"end":{"line":36,"column":17}},"loc":{"start":{"line":36,"column":64},"end":{"line":83,"column":1}},"line":36},"2":{"name":"(anonymous_2)","decl":{"start":{"line":42,"column":18},"end":{"line":42,"column":19}},"loc":{"start":{"line":42,"column":23},"end":{"line":45,"column":3}},"line":42},"3":{"name":"(anonymous_3)","decl":{"start":{"line":60,"column":50},"end":{"line":60,"column":51}},"loc":{"start":{"line":60,"column":54},"end":{"line":60,"column":138}},"line":60},"4":{"name":"(anonymous_4)","decl":{"start":{"line":76,"column":62},"end":{"line":76,"column":63}},"loc":{"start":{"line":76,"column":66},"end":{"line":76,"column":75}},"line":76},"5":{"name":"(anonymous_5)","decl":{"start":{"line":77,"column":84},"end":{"line":77,"column":85}},"loc":{"start":{"line":77,"column":88},"end":{"line":77,"column":97}},"line":77}},"branchMap":{"0":{"loc":{"start":{"line":73,"column":9},"end":{"line":73,"column":99}},"type":"cond-expr","locations":[{"start":{"line":73,"column":31},"end":{"line":73,"column":86}},{"start":{"line":73,"column":87},"end":{"line":73,"column":99}}],"line":73},"1":{"loc":{"start":{"line":76,"column":6},"end":{"line":78,"column":204}},"type":"cond-expr","locations":[{"start":{"line":76,"column":30},"end":{"line":76,"column":175}},{"start":{"line":77,"column":30},"end":{"line":78,"column":204}}],"line":76},"2":{"loc":{"start":{"line":77,"column":30},"end":{"line":78,"column":204}},"type":"cond-expr","locations":[{"start":{"line":77,"column":52},"end":{"line":77,"column":170}},{"start":{"line":78,"column":52},"end":{"line":78,"column":204}}],"line":77}},"s":{"0":5,"1":4,"2":12,"3":11,"4":11,"5":2,"6":2,"7":11,"8":3,"9":3,"10":1,"11":1},"f":{"0":4,"1":12,"2":2,"3":3,"4":1,"5":1},"b":{"0":[3,8],"1":[7,4],"2":[1,3]},"_coverageSchema":"1a1c01bbd47fc00a2c39e90264f33305004495a9","hash":"15a58b6aec0e06a908bf2830e01dd7195c5c588d"}
,"/home/vivekr/react/blinkist/src/components/molecules/bookcard/bookcard.stories.tsx": {"path":"/home/vivekr/react/blinkist/src/components/molecules/bookcard/bookcard.stories.tsx","statementMap":{"0":{"start":{"line":8,"column":16},"end":{"line":14,"column":17}},"1":{"start":{"line":17,"column":23},"end":{"line":17,"column":87}},"2":{"start":{"line":17,"column":63},"end":{"line":17,"column":84}}},"fnMap":{"0":{"name":"(anonymous_0)","decl":{"start":{"line":17,"column":59},"end":{"line":17,"column":60}},"loc":{"start":{"line":17,"column":63},"end":{"line":17,"column":84}},"line":17}},"branchMap":{},"s":{"0":0,"1":0,"2":0},"f":{"0":0},"b":{}}
,"/home/vivekr/react/blinkist/src/components/molecules/searchbar/searchbar.stories.tsx": {"path":"/home/vivekr/react/blinkist/src/components/molecules/searchbar/searchbar.stories.tsx","statementMap":{"0":{"start":{"line":7,"column":25},"end":{"line":7,"column":85}},"1":{"start":{"line":7,"column":61},"end":{"line":7,"column":82}}},"fnMap":{"0":{"name":"(anonymous_0)","decl":{"start":{"line":7,"column":46},"end":{"line":7,"column":47}},"loc":{"start":{"line":7,"column":61},"end":{"line":7,"column":82}},"line":7}},"branchMap":{},"s":{"0":0,"1":0},"f":{"0":0},"b":{}}
,"/home/vivekr/react/blinkist/src/components/molecules/searchbar/searchbar.tsx": {"path":"/home/vivekr/react/blinkist/src/components/molecules/searchbar/searchbar.tsx","statementMap":{"0":{"start":{"line":7,"column":4},"end":{"line":18,"column":6}},"1":{"start":{"line":11,"column":24},"end":{"line":11,"column":54}}},"fnMap":{"0":{"name":"SearchBar","decl":{"start":{"line":5,"column":9},"end":{"line":5,"column":18}},"loc":{"start":{"line":5,"column":57},"end":{"line":20,"column":1}},"line":5},"1":{"name":"(anonymous_1)","decl":{"start":{"line":11,"column":18},"end":{"line":11,"column":19}},"loc":{"start":{"line":11,"column":24},"end":{"line":11,"column":54}},"line":11}},"branchMap":{},"s":{"0":3,"1":2},"f":{"0":3,"1":2},"b":{},"_coverageSchema":"1a1c01bbd47fc00a2c39e90264f33305004495a9","hash":"fdc1f5aa0b1b5b939b8c4f2b35e677c4bc126cbb"}
,"/home/vivekr/react/blinkist/src/components/organisms/fotter/fotter.stories.tsx": {"path":"/home/vivekr/react/blinkist/src/components/organisms/fotter/fotter.stories.tsx","statementMap":{},"fnMap":{},"branchMap":{},"s":{},"f":{},"b":{}}
,"/home/vivekr/react/blinkist/src/components/organisms/fotter/fotter.tsx": {"path":"/home/vivekr/react/blinkist/src/components/organisms/fotter/fotter.tsx","statementMap":{"0":{"start":{"line":5,"column":18},"end":{"line":11,"column":2}},"1":{"start":{"line":14,"column":20},"end":{"line":14,"column":31}},"2":{"start":{"line":15,"column":22},"end":{"line":15,"column":101}},"3":{"start":{"line":16,"column":24},"end":{"line":16,"column":103}},"4":{"start":{"line":17,"column":20},"end":{"line":17,"column":71}},"5":{"start":{"line":18,"column":4},"end":{"line":43,"column":6}},"6":{"start":{"line":47,"column":4},"end":{"line":62,"column":6}},"7":{"start":{"line":55,"column":21},"end":{"line":59,"column":27}}},"fnMap":{"0":{"name":"Fotter","decl":{"start":{"line":13,"column":9},"end":{"line":13,"column":15}},"loc":{"start":{"line":13,"column":17},"end":{"line":44,"column":1}},"line":13},"1":{"name":"GetList","decl":{"start":{"line":46,"column":9},"end":{"line":46,"column":16}},"loc":{"start":{"line":46,"column":58},"end":{"line":63,"column":1}},"line":46},"2":{"name":"(anonymous_2)","decl":{"start":{"line":54,"column":28},"end":{"line":54,"column":29}},"loc":{"start":{"line":55,"column":21},"end":{"line":59,"column":27}},"line":55}},"branchMap":{},"s":{"0":7,"1":9,"2":9,"3":9,"4":9,"5":9,"6":27,"7":117},"f":{"0":9,"1":27,"2":117},"b":{},"_coverageSchema":"1a1c01bbd47fc00a2c39e90264f33305004495a9","hash":"ad78ec31f198a74339332a99712ac65e4997e232"}
,"/home/vivekr/react/blinkist/src/components/organisms/menu/menu.stories.tsx": {"path":"/home/vivekr/react/blinkist/src/components/organisms/menu/menu.stories.tsx","statementMap":{},"fnMap":{},"branchMap":{},"s":{},"f":{},"b":{}}
,"/home/vivekr/react/blinkist/src/components/organisms/menu/menu.tsx": {"path":"/home/vivekr/react/blinkist/src/components/organisms/menu/menu.tsx","statementMap":{"0":{"start":{"line":16,"column":18},"end":{"line":26,"column":3}},"1":{"start":{"line":16,"column":46},"end":{"line":26,"column":1}},"2":{"start":{"line":29,"column":4},"end":{"line":34,"column":6}},"3":{"start":{"line":29,"column":23},"end":{"line":31,"column":6}},"4":{"start":{"line":32,"column":9},"end":{"line":34,"column":6}},"5":{"start":{"line":32,"column":27},"end":{"line":34,"column":6}},"6":{"start":{"line":35,"column":4},"end":{"line":62,"column":6}},"7":{"start":{"line":38,"column":83},"end":{"line":38,"column":117}},"8":{"start":{"line":39,"column":83},"end":{"line":39,"column":116}},"9":{"start":{"line":40,"column":75},"end":{"line":40,"column":108}},"10":{"start":{"line":41,"column":93},"end":{"line":41,"column":126}},"11":{"start":{"line":42,"column":84},"end":{"line":42,"column":117}},"12":{"start":{"line":43,"column":89},"end":{"line":43,"column":122}},"13":{"start":{"line":46,"column":79},"end":{"line":46,"column":112}},"14":{"start":{"line":47,"column":76},"end":{"line":47,"column":102}},"15":{"start":{"line":48,"column":91},"end":{"line":48,"column":124}},"16":{"start":{"line":49,"column":103},"end":{"line":49,"column":136}},"17":{"start":{"line":50,"column":78},"end":{"line":50,"column":111}},"18":{"start":{"line":51,"column":87},"end":{"line":51,"column":120}},"19":{"start":{"line":54,"column":85},"end":{"line":54,"column":118}},"20":{"start":{"line":55,"column":85},"end":{"line":55,"column":118}},"21":{"start":{"line":56,"column":90},"end":{"line":56,"column":123}},"22":{"start":{"line":57,"column":91},"end":{"line":57,"column":124}},"23":{"start":{"line":58,"column":89},"end":{"line":58,"column":122}},"24":{"start":{"line":59,"column":99},"end":{"line":59,"column":132}},"25":{"start":{"line":66,"column":13},"end":{"line":101,"column":1}},"26":{"start":{"line":67,"column":37},"end":{"line":67,"column":51}},"27":{"start":{"line":68,"column":37},"end":{"line":68,"column":52}},"28":{"start":{"line":69,"column":35},"end":{"line":69,"column":50}},"29":{"start":{"line":71,"column":18},"end":{"line":71,"column":31}},"30":{"start":{"line":73,"column":20},"end":{"line":73,"column":36}},"31":{"start":{"line":75,"column":4},"end":{"line":100,"column":6}},"32":{"start":{"line":81,"column":43},"end":{"line":81,"column":61}},"33":{"start":{"line":81,"column":62},"end":{"line":81,"column":81}},"34":{"start":{"line":81,"column":82},"end":{"line":81,"column":99}},"35":{"start":{"line":86,"column":43},"end":{"line":86,"column":62}},"36":{"start":{"line":86,"column":63},"end":{"line":86,"column":81}},"37":{"start":{"line":86,"column":82},"end":{"line":86,"column":99}},"38":{"start":{"line":91,"column":43},"end":{"line":91,"column":62}},"39":{"start":{"line":91,"column":63},"end":{"line":91,"column":82}},"40":{"start":{"line":91,"column":83},"end":{"line":91,"column":99}}},"fnMap":{"0":{"name":"(anonymous_0)","decl":{"start":{"line":16,"column":29},"end":{"line":16,"column":30}},"loc":{"start":{"line":16,"column":46},"end":{"line":26,"column":1}},"line":16},"1":{"name":"MenuItems","decl":{"start":{"line":28,"column":9},"end":{"line":28,"column":18}},"loc":{"start":{"line":28,"column":110},"end":{"line":63,"column":1}},"line":28},"2":{"name":"(anonymous_2)","decl":{"start":{"line":38,"column":79},"end":{"line":38,"column":80}},"loc":{"start":{"line":38,"column":83},"end":{"line":38,"column":117}},"line":38},"3":{"name":"(anonymous_3)","decl":{"start":{"line":39,"column":79},"end":{"line":39,"column":80}},"loc":{"start":{"line":39,"column":83},"end":{"line":39,"column":116}},"line":39},"4":{"name":"(anonymous_4)","decl":{"start":{"line":40,"column":71},"end":{"line":40,"column":72}},"loc":{"start":{"line":40,"column":75},"end":{"line":40,"column":108}},"line":40},"5":{"name":"(anonymous_5)","decl":{"start":{"line":41,"column":89},"end":{"line":41,"column":90}},"loc":{"start":{"line":41,"column":93},"end":{"line":41,"column":126}},"line":41},"6":{"name":"(anonymous_6)","decl":{"start":{"line":42,"column":80},"end":{"line":42,"column":81}},"loc":{"start":{"line":42,"column":84},"end":{"line":42,"column":117}},"line":42},"7":{"name":"(anonymous_7)","decl":{"start":{"line":43,"column":85},"end":{"line":43,"column":86}},"loc":{"start":{"line":43,"column":89},"end":{"line":43,"column":122}},"line":43},"8":{"name":"(anonymous_8)","decl":{"start":{"line":46,"column":75},"end":{"line":46,"column":76}},"loc":{"start":{"line":46,"column":79},"end":{"line":46,"column":112}},"line":46},"9":{"name":"(anonymous_9)","decl":{"start":{"line":47,"column":72},"end":{"line":47,"column":73}},"loc":{"start":{"line":47,"column":76},"end":{"line":47,"column":102}},"line":47},"10":{"name":"(anonymous_10)","decl":{"start":{"line":48,"column":87},"end":{"line":48,"column":88}},"loc":{"start":{"line":48,"column":91},"end":{"line":48,"column":124}},"line":48},"11":{"name":"(anonymous_11)","decl":{"start":{"line":49,"column":99},"end":{"line":49,"column":100}},"loc":{"start":{"line":49,"column":103},"end":{"line":49,"column":136}},"line":49},"12":{"name":"(anonymous_12)","decl":{"start":{"line":50,"column":74},"end":{"line":50,"column":75}},"loc":{"start":{"line":50,"column":78},"end":{"line":50,"column":111}},"line":50},"13":{"name":"(anonymous_13)","decl":{"start":{"line":51,"column":83},"end":{"line":51,"column":84}},"loc":{"start":{"line":51,"column":87},"end":{"line":51,"column":120}},"line":51},"14":{"name":"(anonymous_14)","decl":{"start":{"line":54,"column":81},"end":{"line":54,"column":82}},"loc":{"start":{"line":54,"column":85},"end":{"line":54,"column":118}},"line":54},"15":{"name":"(anonymous_15)","decl":{"start":{"line":55,"column":81},"end":{"line":55,"column":82}},"loc":{"start":{"line":55,"column":85},"end":{"line":55,"column":118}},"line":55},"16":{"name":"(anonymous_16)","decl":{"start":{"line":56,"column":86},"end":{"line":56,"column":87}},"loc":{"start":{"line":56,"column":90},"end":{"line":56,"column":123}},"line":56},"17":{"name":"(anonymous_17)","decl":{"start":{"line":57,"column":87},"end":{"line":57,"column":88}},"loc":{"start":{"line":57,"column":91},"end":{"line":57,"column":124}},"line":57},"18":{"name":"(anonymous_18)","decl":{"start":{"line":58,"column":85},"end":{"line":58,"column":86}},"loc":{"start":{"line":58,"column":89},"end":{"line":58,"column":122}},"line":58},"19":{"name":"(anonymous_19)","decl":{"start":{"line":59,"column":95},"end":{"line":59,"column":96}},"loc":{"start":{"line":59,"column":99},"end":{"line":59,"column":132}},"line":59},"20":{"name":"(anonymous_20)","decl":{"start":{"line":66,"column":13},"end":{"line":66,"column":14}},"loc":{"start":{"line":66,"column":57},"end":{"line":101,"column":1}},"line":66},"21":{"name":"(anonymous_21)","decl":{"start":{"line":81,"column":38},"end":{"line":81,"column":39}},"loc":{"start":{"line":81,"column":42},"end":{"line":81,"column":100}},"line":81},"22":{"name":"(anonymous_22)","decl":{"start":{"line":86,"column":38},"end":{"line":86,"column":39}},"loc":{"start":{"line":86,"column":42},"end":{"line":86,"column":100}},"line":86},"23":{"name":"(anonymous_23)","decl":{"start":{"line":91,"column":38},"end":{"line":91,"column":39}},"loc":{"start":{"line":91,"column":42},"end":{"line":91,"column":100}},"line":91}},"branchMap":{"0":{"loc":{"start":{"line":29,"column":4},"end":{"line":34,"column":6}},"type":"if","locations":[{"start":{"line":29,"column":4},"end":{"line":34,"column":6}},{"start":{"line":32,"column":9},"end":{"line":34,"column":6}}],"line":29},"1":{"loc":{"start":{"line":32,"column":9},"end":{"line":34,"column":6}},"type":"if","locations":[{"start":{"line":32,"column":9},"end":{"line":34,"column":6}},{"start":{},"end":{}}],"line":32},"2":{"loc":{"start":{"line":80,"column":102},"end":{"line":80,"column":131}},"type":"cond-expr","locations":[{"start":{"line":80,"column":112},"end":{"line":80,"column":121}},{"start":{"line":80,"column":122},"end":{"line":80,"column":131}}],"line":80},"3":{"loc":{"start":{"line":85,"column":88},"end":{"line":85,"column":117}},"type":"cond-expr","locations":[{"start":{"line":85,"column":98},"end":{"line":85,"column":107}},{"start":{"line":85,"column":108},"end":{"line":85,"column":117}}],"line":85},"4":{"loc":{"start":{"line":91,"column":116},"end":{"line":91,"column":144}},"type":"cond-expr","locations":[{"start":{"line":91,"column":125},"end":{"line":91,"column":134}},{"start":{"line":91,"column":135},"end":{"line":91,"column":144}}],"line":91}},"s":{"0":7,"1":9,"2":13,"3":1,"4":12,"5":2,"6":10,"7":3,"8":1,"9":1,"10":1,"11":1,"12":1,"13":1,"14":1,"15":1,"16":1,"17":1,"18":1,"19":1,"20":1,"21":1,"22":1,"23":1,"24":1,"25":7,"26":20,"27":13,"28":13,"29":13,"30":13,"31":13,"32":1,"33":1,"34":1,"35":1,"36":1,"37":1,"38":1,"39":1,"40":1},"f":{"0":9,"1":13,"2":3,"3":1,"4":1,"5":1,"6":1,"7":1,"8":1,"9":1,"10":1,"11":1,"12":1,"13":1,"14":1,"15":1,"16":1,"17":1,"18":1,"19":1,"20":20,"21":1,"22":1,"23":1},"b":{"0":[1,12],"1":[2,10],"2":[10,3],"3":[1,12],"4":[2,11]},"_coverageSchema":"1a1c01bbd47fc00a2c39e90264f33305004495a9","hash":"559ef0f255a17e59f0dae3a69c851dd65c8388f1"}
,"/home/vivekr/react/blinkist/src/components/organisms/navbar/navbar.stories.tsx": {"path":"/home/vivekr/react/blinkist/src/components/organisms/navbar/navbar.stories.tsx","statementMap":{},"fnMap":{},"branchMap":{},"s":{},"f":{},"b":{}}
,"/home/vivekr/react/blinkist/src/components/organisms/navbar/navbar.tsx": {"path":"/home/vivekr/react/blinkist/src/components/organisms/navbar/navbar.tsx","statementMap":{"0":{"start":{"line":14,"column":18},"end":{"line":22,"column":3}},"1":{"start":{"line":14,"column":45},"end":{"line":22,"column":1}},"2":{"start":{"line":26,"column":20},"end":{"line":26,"column":46}},"3":{"start":{"line":28,"column":42},"end":{"line":28,"column":57}},"4":{"start":{"line":30,"column":36},"end":{"line":30,"column":76}},"5":{"start":{"line":32,"column":17},"end":{"line":32,"column":34}},"6":{"start":{"line":34,"column":24},"end":{"line":36,"column":5}},"7":{"start":{"line":35,"column":6},"end":{"line":35,"column":39}},"8":{"start":{"line":38,"column":24},"end":{"line":40,"column":5}},"9":{"start":{"line":39,"column":6},"end":{"line":39,"column":24}},"10":{"start":{"line":42,"column":58},"end":{"line":42,"column":68}},"11":{"start":{"line":44,"column":4},"end":{"line":136,"column":6}},"12":{"start":{"line":88,"column":49},"end":{"line":88,"column":77}},"13":{"start":{"line":123,"column":58},"end":{"line":123,"column":77}},"14":{"start":{"line":126,"column":78},"end":{"line":126,"column":122}}},"fnMap":{"0":{"name":"(anonymous_0)","decl":{"start":{"line":14,"column":29},"end":{"line":14,"column":30}},"loc":{"start":{"line":14,"column":45},"end":{"line":22,"column":1}},"line":14},"1":{"name":"NavBar","decl":{"start":{"line":24,"column":9},"end":{"line":24,"column":15}},"loc":{"start":{"line":24,"column":57},"end":{"line":137,"column":1}},"line":24},"2":{"name":"(anonymous_2)","decl":{"start":{"line":34,"column":24},"end":{"line":34,"column":25}},"loc":{"start":{"line":34,"column":72},"end":{"line":36,"column":5}},"line":34},"3":{"name":"(anonymous_3)","decl":{"start":{"line":38,"column":24},"end":{"line":38,"column":25}},"loc":{"start":{"line":38,"column":30},"end":{"line":40,"column":5}},"line":38},"4":{"name":"(anonymous_4)","decl":{"start":{"line":88,"column":45},"end":{"line":88,"column":46}},"loc":{"start":{"line":88,"column":49},"end":{"line":88,"column":77}},"line":88},"5":{"name":"(anonymous_5)","decl":{"start":{"line":123,"column":52},"end":{"line":123,"column":53}},"loc":{"start":{"line":123,"column":58},"end":{"line":123,"column":77}},"line":123},"6":{"name":"(anonymous_6)","decl":{"start":{"line":126,"column":72},"end":{"line":126,"column":73}},"loc":{"start":{"line":126,"column":78},"end":{"line":126,"column":122}},"line":126}},"branchMap":{"0":{"loc":{"start":{"line":90,"column":26},"end":{"line":90,"column":70}},"type":"cond-expr","locations":[{"start":{"line":90,"column":35},"end":{"line":90,"column":52}},{"start":{"line":90,"column":53},"end":{"line":90,"column":70}}],"line":90},"1":{"loc":{"start":{"line":93,"column":9},"end":{"line":99,"column":13}},"type":"binary-expr","locations":[{"start":{"line":93,"column":9},"end":{"line":93,"column":24}},{"start":{"line":93,"column":29},"end":{"line":99,"column":13}}],"line":93},"2":{"loc":{"start":{"line":106,"column":24},"end":{"line":106,"column":55}},"type":"cond-expr","locations":[{"start":{"line":106,"column":31},"end":{"line":106,"column":43}},{"start":{"line":106,"column":46},"end":{"line":106,"column":55}}],"line":106},"3":{"loc":{"start":{"line":108,"column":24},"end":{"line":108,"column":49}},"type":"cond-expr","locations":[{"start":{"line":108,"column":31},"end":{"line":108,"column":37}},{"start":{"line":108,"column":40},"end":{"line":108,"column":49}}],"line":108}},"s":{"0":7,"1":9,"2":18,"3":11,"4":11,"5":11,"6":11,"7":1,"8":11,"9":0,"10":11,"11":11,"12":1,"13":0,"14":0},"f":{"0":9,"1":18,"2":1,"3":0,"4":1,"5":0,"6":0},"b":{"0":[2,9],"1":[11,0],"2":[1,10],"3":[1,10]},"_coverageSchema":"1a1c01bbd47fc00a2c39e90264f33305004495a9","hash":"facae28638002fdd0c34f2b7ad58407492a896fb"}
,"/home/vivekr/react/blinkist/src/components/pages/bookpage/bookPage.tsx": {"path":"/home/vivekr/react/blinkist/src/components/pages/bookpage/bookPage.tsx","statementMap":{"0":{"start":{"line":15,"column":28},"end":{"line":15,"column":121}},"1":{"start":{"line":16,"column":15},"end":{"line":16,"column":45}},"2":{"start":{"line":17,"column":4},"end":{"line":17,"column":22}},"3":{"start":{"line":19,"column":4},"end":{"line":23,"column":10}},"4":{"start":{"line":20,"column":4},"end":{"line":22,"column":33}},"5":{"start":{"line":21,"column":22},"end":{"line":21,"column":37}},"6":{"start":{"line":22,"column":18},"end":{"line":22,"column":32}},"7":{"start":{"line":25,"column":24},"end":{"line":27,"column":5}},"8":{"start":{"line":26,"column":8},"end":{"line":26,"column":32}},"9":{"start":{"line":29,"column":20},"end":{"line":40,"column":5}},"10":{"start":{"line":30,"column":8},"end":{"line":30,"column":30}},"11":{"start":{"line":31,"column":8},"end":{"line":37,"column":74}},"12":{"start":{"line":37,"column":28},"end":{"line":37,"column":43}},"13":{"start":{"line":37,"column":56},"end":{"line":37,"column":72}},"14":{"start":{"line":38,"column":9},"end":{"line":38,"column":41}},"15":{"start":{"line":42,"column":4},"end":{"line":44,"column":6}}},"fnMap":{"0":{"name":"BookPage","decl":{"start":{"line":13,"column":9},"end":{"line":13,"column":17}},"loc":{"start":{"line":13,"column":19},"end":{"line":45,"column":1}},"line":13},"1":{"name":"(anonymous_1)","decl":{"start":{"line":19,"column":14},"end":{"line":19,"column":15}},"loc":{"start":{"line":19,"column":18},"end":{"line":23,"column":5}},"line":19},"2":{"name":"(anonymous_2)","decl":{"start":{"line":21,"column":10},"end":{"line":21,"column":11}},"loc":{"start":{"line":21,"column":22},"end":{"line":21,"column":37}},"line":21},"3":{"name":"(anonymous_3)","decl":{"start":{"line":22,"column":10},"end":{"line":22,"column":11}},"loc":{"start":{"line":22,"column":18},"end":{"line":22,"column":32}},"line":22},"4":{"name":"(anonymous_4)","decl":{"start":{"line":25,"column":24},"end":{"line":25,"column":25}},"loc":{"start":{"line":25,"column":43},"end":{"line":27,"column":5}},"line":25},"5":{"name":"(anonymous_5)","decl":{"start":{"line":29,"column":20},"end":{"line":29,"column":21}},"loc":{"start":{"line":29,"column":29},"end":{"line":40,"column":5}},"line":29},"6":{"name":"(anonymous_6)","decl":{"start":{"line":37,"column":16},"end":{"line":37,"column":17}},"loc":{"start":{"line":37,"column":28},"end":{"line":37,"column":43}},"line":37},"7":{"name":"(anonymous_7)","decl":{"start":{"line":37,"column":50},"end":{"line":37,"column":51}},"loc":{"start":{"line":37,"column":56},"end":{"line":37,"column":72}},"line":37}},"branchMap":{},"s":{"0":2,"1":1,"2":1,"3":1,"4":1,"5":0,"6":0,"7":1,"8":1,"9":1,"10":1,"11":1,"12":0,"13":0,"14":0,"15":1},"f":{"0":2,"1":1,"2":0,"3":0,"4":1,"5":1,"6":0,"7":0},"b":{},"_coverageSchema":"1a1c01bbd47fc00a2c39e90264f33305004495a9","hash":"b98a2874a82f13fb8a3a160a3ca220bd61835501"}
,"/home/vivekr/react/blinkist/src/components/pages/bookpage/bookpage.stories.tsx": {"path":"/home/vivekr/react/blinkist/src/components/pages/bookpage/bookpage.stories.tsx","statementMap":{},"fnMap":{},"branchMap":{},"s":{},"f":{},"b":{}}
,"/home/vivekr/react/blinkist/src/components/pages/homepage/homepage.stories.tsx": {"path":"/home/vivekr/react/blinkist/src/components/pages/homepage/homepage.stories.tsx","statementMap":{},"fnMap":{},"branchMap":{},"s":{},"f":{},"b":{}}
,"/home/vivekr/react/blinkist/src/components/pages/homepage/homepage.tsx": {"path":"/home/vivekr/react/blinkist/src/components/pages/homepage/homepage.tsx","statementMap":{"0":{"start":{"line":7,"column":37},"end":{"line":7,"column":64}},"1":{"start":{"line":8,"column":29},"end":{"line":8,"column":56}},"2":{"start":{"line":10,"column":4},"end":{"line":14,"column":9}},"3":{"start":{"line":11,"column":9},"end":{"line":13,"column":59}},"4":{"start":{"line":12,"column":27},"end":{"line":12,"column":42}},"5":{"start":{"line":13,"column":22},"end":{"line":13,"column":37}},"6":{"start":{"line":13,"column":38},"end":{"line":13,"column":56}},"7":{"start":{"line":17,"column":0},"end":{"line":19,"column":2}}},"fnMap":{"0":{"name":"HomePage","decl":{"start":{"line":6,"column":10},"end":{"line":6,"column":18}},"loc":{"start":{"line":6,"column":20},"end":{"line":20,"column":1}},"line":6},"1":{"name":"(anonymous_1)","decl":{"start":{"line":10,"column":15},"end":{"line":10,"column":16}},"loc":{"start":{"line":10,"column":19},"end":{"line":14,"column":5}},"line":10},"2":{"name":"(anonymous_2)","decl":{"start":{"line":12,"column":15},"end":{"line":12,"column":16}},"loc":{"start":{"line":12,"column":27},"end":{"line":12,"column":42}},"line":12},"3":{"name":"(anonymous_3)","decl":{"start":{"line":13,"column":15},"end":{"line":13,"column":16}},"loc":{"start":{"line":13,"column":21},"end":{"line":13,"column":57}},"line":13}},"branchMap":{},"s":{"0":2,"1":1,"2":1,"3":1,"4":0,"5":0,"6":0,"7":1},"f":{"0":2,"1":1,"2":0,"3":0},"b":{},"_coverageSchema":"1a1c01bbd47fc00a2c39e90264f33305004495a9","hash":"7c96650b17a7a4cdbcc8cca8391b1e4f5780b738"}
,"/home/vivekr/react/blinkist/src/components/pages/mylibrary/mylibrary,stories.tsx": {"path":"/home/vivekr/react/blinkist/src/components/pages/mylibrary/mylibrary,stories.tsx","statementMap":{},"fnMap":{},"branchMap":{},"s":{},"f":{},"b":{}}
,"/home/vivekr/react/blinkist/src/components/pages/mylibrary/mylibrary.tsx": {"path":"/home/vivekr/react/blinkist/src/components/pages/mylibrary/mylibrary.tsx","statementMap":{"0":{"start":{"line":10,"column":27},"end":{"line":10,"column":54}},"1":{"start":{"line":12,"column":4},"end":{"line":16,"column":9}},"2":{"start":{"line":13,"column":7},"end":{"line":15,"column":39}},"3":{"start":{"line":14,"column":27},"end":{"line":14,"column":42}},"4":{"start":{"line":15,"column":22},"end":{"line":15,"column":36}},"5":{"start":{"line":18,"column":19},"end":{"line":33,"column":5}},"6":{"start":{"line":19,"column":6},"end":{"line":19,"column":34}},"7":{"start":{"line":20,"column":6},"end":{"line":28,"column":37}},"8":{"start":{"line":27,"column":25},"end":{"line":27,"column":40}},"9":{"start":{"line":28,"column":19},"end":{"line":28,"column":35}},"10":{"start":{"line":30,"column":6},"end":{"line":32,"column":35}},"11":{"start":{"line":31,"column":24},"end":{"line":31,"column":39}},"12":{"start":{"line":32,"column":19},"end":{"line":32,"column":33}},"13":{"start":{"line":35,"column":4},"end":{"line":42,"column":5}},"14":{"start":{"line":39,"column":58},"end":{"line":39,"column":82}}},"fnMap":{"0":{"name":"MyLibrary","decl":{"start":{"line":8,"column":9},"end":{"line":8,"column":18}},"loc":{"start":{"line":8,"column":40},"end":{"line":43,"column":1}},"line":8},"1":{"name":"(anonymous_1)","decl":{"start":{"line":12,"column":14},"end":{"line":12,"column":15}},"loc":{"start":{"line":12,"column":19},"end":{"line":16,"column":5}},"line":12},"2":{"name":"(anonymous_2)","decl":{"start":{"line":14,"column":15},"end":{"line":14,"column":16}},"loc":{"start":{"line":14,"column":27},"end":{"line":14,"column":42}},"line":14},"3":{"name":"(anonymous_3)","decl":{"start":{"line":15,"column":15},"end":{"line":15,"column":16}},"loc":{"start":{"line":15,"column":21},"end":{"line":15,"column":37}},"line":15},"4":{"name":"(anonymous_4)","decl":{"start":{"line":18,"column":19},"end":{"line":18,"column":20}},"loc":{"start":{"line":18,"column":38},"end":{"line":33,"column":5}},"line":18},"5":{"name":"(anonymous_5)","decl":{"start":{"line":27,"column":13},"end":{"line":27,"column":14}},"loc":{"start":{"line":27,"column":25},"end":{"line":27,"column":40}},"line":27},"6":{"name":"(anonymous_6)","decl":{"start":{"line":28,"column":13},"end":{"line":28,"column":14}},"loc":{"start":{"line":28,"column":19},"end":{"line":28,"column":35}},"line":28},"7":{"name":"(anonymous_7)","decl":{"start":{"line":31,"column":12},"end":{"line":31,"column":13}},"loc":{"start":{"line":31,"column":24},"end":{"line":31,"column":39}},"line":31},"8":{"name":"(anonymous_8)","decl":{"start":{"line":32,"column":12},"end":{"line":32,"column":13}},"loc":{"start":{"line":32,"column":19},"end":{"line":32,"column":33}},"line":32},"9":{"name":"(anonymous_9)","decl":{"start":{"line":39,"column":38},"end":{"line":39,"column":39}},"loc":{"start":{"line":39,"column":58},"end":{"line":39,"column":82}},"line":39}},"branchMap":{},"s":{"0":3,"1":2,"2":2,"3":0,"4":0,"5":2,"6":0,"7":0,"8":0,"9":0,"10":0,"11":0,"12":0,"13":2,"14":0},"f":{"0":3,"1":2,"2":0,"3":0,"4":0,"5":0,"6":0,"7":0,"8":0,"9":0},"b":{},"_coverageSchema":"1a1c01bbd47fc00a2c39e90264f33305004495a9","hash":"5bd443cba956657e212c6726fd56aa67372a93a7"}
,"/home/vivekr/react/blinkist/src/components/templates/bookpagetemplate/bookPageTemplate.stories.tsx": {"path":"/home/vivekr/react/blinkist/src/components/templates/bookpagetemplate/bookPageTemplate.stories.tsx","statementMap":{},"fnMap":{},"branchMap":{},"s":{},"f":{},"b":{}}
,"/home/vivekr/react/blinkist/src/components/templates/bookpagetemplate/bookPageTemplate.tsx": {"path":"/home/vivekr/react/blinkist/src/components/templates/bookpagetemplate/bookPageTemplate.tsx","statementMap":{"0":{"start":{"line":13,"column":30},"end":{"line":13,"column":47}},"1":{"start":{"line":15,"column":25},"end":{"line":17,"column":27}},"2":{"start":{"line":16,"column":26},"end":{"line":16,"column":45}},"3":{"start":{"line":18,"column":4},"end":{"line":90,"column":6}},"4":{"start":{"line":51,"column":75},"end":{"line":51,"column":90}},"5":{"start":{"line":103,"column":49},"end":{"line":103,"column":54}},"6":{"start":{"line":105,"column":4},"end":{"line":119,"column":6}},"7":{"start":{"line":123,"column":4},"end":{"line":126,"column":6}}},"fnMap":{"0":{"name":"BookPageTemplate","decl":{"start":{"line":9,"column":9},"end":{"line":9,"column":25}},"loc":{"start":{"line":11,"column":67},"end":{"line":91,"column":1}},"line":11},"1":{"name":"(anonymous_1)","decl":{"start":{"line":15,"column":25},"end":{"line":15,"column":26}},"loc":{"start":{"line":15,"column":76},"end":{"line":17,"column":27}},"line":15},"2":{"name":"(anonymous_2)","decl":{"start":{"line":51,"column":71},"end":{"line":51,"column":72}},"loc":{"start":{"line":51,"column":75},"end":{"line":51,"column":90}},"line":51},"3":{"name":"TabPanel","decl":{"start":{"line":102,"column":11},"end":{"line":102,"column":19}},"loc":{"start":{"line":102,"column":42},"end":{"line":120,"column":3}},"line":102},"4":{"name":"a11yProps","decl":{"start":{"line":122,"column":11},"end":{"line":122,"column":20}},"loc":{"start":{"line":122,"column":36},"end":{"line":127,"column":3}},"line":122}},"branchMap":{"0":{"loc":{"start":{"line":113,"column":9},"end":{"line":117,"column":9}},"type":"binary-expr","locations":[{"start":{"line":113,"column":9},"end":{"line":113,"column":24}},{"start":{"line":114,"column":10},"end":{"line":116,"column":16}}],"line":113}},"s":{"0":4,"1":2,"2":0,"3":2,"4":2,"5":6,"6":6,"7":6},"f":{"0":4,"1":0,"2":2,"3":6,"4":6},"b":{"0":[6,2]},"_coverageSchema":"1a1c01bbd47fc00a2c39e90264f33305004495a9","hash":"4b5778a42102cc9bb83cc2ec8b9c37c29a6bd1f7"}
,"/home/vivekr/react/blinkist/src/components/templates/homepagetemplate/homePageTemplate.stories.tsx": {"path":"/home/vivekr/react/blinkist/src/components/templates/homepagetemplate/homePageTemplate.stories.tsx","statementMap":{},"fnMap":{},"branchMap":{},"s":{},"f":{},"b":{}}
,"/home/vivekr/react/blinkist/src/components/templates/homepagetemplate/homePageTemplate.tsx": {"path":"/home/vivekr/react/blinkist/src/components/templates/homepagetemplate/homePageTemplate.tsx","statementMap":{"0":{"start":{"line":14,"column":22},"end":{"line":16,"column":5}},"1":{"start":{"line":15,"column":8},"end":{"line":15,"column":83}},"2":{"start":{"line":15,"column":55},"end":{"line":15,"column":81}},"3":{"start":{"line":18,"column":19},"end":{"line":25,"column":5}},"4":{"start":{"line":19,"column":8},"end":{"line":19,"column":42}},"5":{"start":{"line":20,"column":8},"end":{"line":24,"column":74}},"6":{"start":{"line":24,"column":28},"end":{"line":24,"column":43}},"7":{"start":{"line":24,"column":56},"end":{"line":24,"column":72}},"8":{"start":{"line":27,"column":21},"end":{"line":32,"column":5}},"9":{"start":{"line":28,"column":27},"end":{"line":28,"column":106}},"10":{"start":{"line":28,"column":55},"end":{"line":28,"column":105}},"11":{"start":{"line":29,"column":28},"end":{"line":29,"column":108}},"12":{"start":{"line":29,"column":56},"end":{"line":29,"column":107}},"13":{"start":{"line":30,"column":22},"end":{"line":30,"column":82}},"14":{"start":{"line":30,"column":52},"end":{"line":30,"column":81}},"15":{"start":{"line":31,"column":7},"end":{"line":31,"column":55}},"16":{"start":{"line":34,"column":4},"end":{"line":50,"column":6}},"17":{"start":{"line":45,"column":46},"end":{"line":45,"column":103}},"18":{"start":{"line":45,"column":82},"end":{"line":45,"column":99}}},"fnMap":{"0":{"name":"HomePageTemplate","decl":{"start":{"line":9,"column":9},"end":{"line":9,"column":25}},"loc":{"start":{"line":12,"column":77},"end":{"line":53,"column":1}},"line":12},"1":{"name":"(anonymous_1)","decl":{"start":{"line":14,"column":22},"end":{"line":14,"column":23}},"loc":{"start":{"line":14,"column":42},"end":{"line":16,"column":5}},"line":14},"2":{"name":"(anonymous_2)","decl":{"start":{"line":15,"column":46},"end":{"line":15,"column":47}},"loc":{"start":{"line":15,"column":55},"end":{"line":15,"column":81}},"line":15},"3":{"name":"(anonymous_3)","decl":{"start":{"line":18,"column":19},"end":{"line":18,"column":20}},"loc":{"start":{"line":18,"column":37},"end":{"line":25,"column":5}},"line":18},"4":{"name":"(anonymous_4)","decl":{"start":{"line":24,"column":16},"end":{"line":24,"column":17}},"loc":{"start":{"line":24,"column":28},"end":{"line":24,"column":43}},"line":24},"5":{"name":"(anonymous_5)","decl":{"start":{"line":24,"column":50},"end":{"line":24,"column":51}},"loc":{"start":{"line":24,"column":56},"end":{"line":24,"column":72}},"line":24},"6":{"name":"(anonymous_6)","decl":{"start":{"line":27,"column":21},"end":{"line":27,"column":22}},"loc":{"start":{"line":27,"column":37},"end":{"line":32,"column":5}},"line":27},"7":{"name":"(anonymous_7)","decl":{"start":{"line":28,"column":46},"end":{"line":28,"column":47}},"loc":{"start":{"line":28,"column":55},"end":{"line":28,"column":105}},"line":28},"8":{"name":"(anonymous_8)","decl":{"start":{"line":29,"column":47},"end":{"line":29,"column":48}},"loc":{"start":{"line":29,"column":56},"end":{"line":29,"column":107}},"line":29},"9":{"name":"(anonymous_9)","decl":{"start":{"line":30,"column":42},"end":{"line":30,"column":43}},"loc":{"start":{"line":30,"column":52},"end":{"line":30,"column":81}},"line":30},"10":{"name":"(anonymous_10)","decl":{"start":{"line":45,"column":37},"end":{"line":45,"column":38}},"loc":{"start":{"line":45,"column":46},"end":{"line":45,"column":103}},"line":45},"11":{"name":"(anonymous_11)","decl":{"start":{"line":45,"column":78},"end":{"line":45,"column":79}},"loc":{"start":{"line":45,"column":82},"end":{"line":45,"column":99}},"line":45}},"branchMap":{},"s":{"0":4,"1":1,"2":6,"3":4,"4":0,"5":0,"6":0,"7":0,"8":4,"9":1,"10":6,"11":1,"12":6,"13":1,"14":0,"15":1,"16":4,"17":6,"18":0},"f":{"0":4,"1":1,"2":6,"3":0,"4":0,"5":0,"6":1,"7":6,"8":6,"9":0,"10":6,"11":0},"b":{},"_coverageSchema":"1a1c01bbd47fc00a2c39e90264f33305004495a9","hash":"d61d00ef87f00f7cb5403e9a9bb40e0229d58f70"}
,"/home/vivekr/react/blinkist/src/components/templates/mylibrarytemplate/myLibraryTemplate.tsx": {"path":"/home/vivekr/react/blinkist/src/components/templates/mylibrarytemplate/myLibraryTemplate.tsx","statementMap":{"0":{"start":{"line":13,"column":30},"end":{"line":13,"column":51}},"1":{"start":{"line":15,"column":25},"end":{"line":15,"column":96}},"2":{"start":{"line":15,"column":77},"end":{"line":15,"column":95}},"3":{"start":{"line":16,"column":4},"end":{"line":48,"column":6}},"4":{"start":{"line":37,"column":46},"end":{"line":37,"column":69}},"5":{"start":{"line":37,"column":83},"end":{"line":37,"column":147}},"6":{"start":{"line":37,"column":120},"end":{"line":37,"column":143}},"7":{"start":{"line":42,"column":46},"end":{"line":42,"column":70}},"8":{"start":{"line":42,"column":84},"end":{"line":42,"column":148}},"9":{"start":{"line":42,"column":121},"end":{"line":42,"column":144}},"10":{"start":{"line":60,"column":49},"end":{"line":60,"column":54}},"11":{"start":{"line":62,"column":4},"end":{"line":76,"column":6}},"12":{"start":{"line":80,"column":4},"end":{"line":83,"column":6}}},"fnMap":{"0":{"name":"MyLibraryTemplate","decl":{"start":{"line":9,"column":9},"end":{"line":9,"column":26}},"loc":{"start":{"line":12,"column":63},"end":{"line":49,"column":1}},"line":12},"1":{"name":"(anonymous_1)","decl":{"start":{"line":15,"column":25},"end":{"line":15,"column":26}},"loc":{"start":{"line":15,"column":76},"end":{"line":15,"column":96}},"line":15},"2":{"name":"(anonymous_2)","decl":{"start":{"line":37,"column":38},"end":{"line":37,"column":39}},"loc":{"start":{"line":37,"column":46},"end":{"line":37,"column":69}},"line":37},"3":{"name":"(anonymous_3)","decl":{"start":{"line":37,"column":75},"end":{"line":37,"column":76}},"loc":{"start":{"line":37,"column":83},"end":{"line":37,"column":147}},"line":37},"4":{"name":"(anonymous_4)","decl":{"start":{"line":37,"column":116},"end":{"line":37,"column":117}},"loc":{"start":{"line":37,"column":120},"end":{"line":37,"column":143}},"line":37},"5":{"name":"(anonymous_5)","decl":{"start":{"line":42,"column":38},"end":{"line":42,"column":39}},"loc":{"start":{"line":42,"column":46},"end":{"line":42,"column":70}},"line":42},"6":{"name":"(anonymous_6)","decl":{"start":{"line":42,"column":76},"end":{"line":42,"column":77}},"loc":{"start":{"line":42,"column":84},"end":{"line":42,"column":148}},"line":42},"7":{"name":"(anonymous_7)","decl":{"start":{"line":42,"column":117},"end":{"line":42,"column":118}},"loc":{"start":{"line":42,"column":121},"end":{"line":42,"column":144}},"line":42},"8":{"name":"TabPanel","decl":{"start":{"line":59,"column":11},"end":{"line":59,"column":19}},"loc":{"start":{"line":59,"column":42},"end":{"line":77,"column":3}},"line":59},"9":{"name":"a11yProps","decl":{"start":{"line":79,"column":11},"end":{"line":79,"column":20}},"loc":{"start":{"line":79,"column":36},"end":{"line":84,"column":3}},"line":79}},"branchMap":{"0":{"loc":{"start":{"line":70,"column":9},"end":{"line":74,"column":9}},"type":"binary-expr","locations":[{"start":{"line":70,"column":9},"end":{"line":70,"column":24}},{"start":{"line":71,"column":10},"end":{"line":73,"column":16}}],"line":70}},"s":{"0":6,"1":4,"2":0,"3":4,"4":12,"5":0,"6":0,"7":12,"8":0,"9":0,"10":8,"11":8,"12":8},"f":{"0":6,"1":0,"2":12,"3":0,"4":0,"5":12,"6":0,"7":0,"8":8,"9":8},"b":{"0":[8,4]},"_coverageSchema":"1a1c01bbd47fc00a2c39e90264f33305004495a9","hash":"3838af07e5fb99e212397dc0107343319cb382c5"}
,"/home/vivekr/react/blinkist/src/components/templates/mylibrarytemplate/mylibraryTemplate.stories.tsx": {"path":"/home/vivekr/react/blinkist/src/components/templates/mylibrarytemplate/mylibraryTemplate.stories.tsx","statementMap":{},"fnMap":{},"branchMap":{},"s":{},"f":{},"b":{}}
}
