TN:
SF:src/index.tsx
FNF:0
FNH:0
DA:8,0
DA:19,0
LF:2
LH:0
BRF:0
BRH:0
end_of_record
TN:
SF:src/components/atoms/atoms.stories.tsx
FN:13,(anonymous_0)
FN:15,(anonymous_1)
FN:17,(anonymous_2)
FN:19,(anonymous_3)
FNF:4
FNH:0
FNDA:0,(anonymous_0)
FNDA:0,(anonymous_1)
FNDA:0,(anonymous_2)
FNDA:0,(anonymous_3)
DA:13,0
DA:15,0
DA:17,0
DA:19,0
LF:4
LH:0
BRF:0
BRH:0
end_of_record
TN:
SF:src/components/atoms/icons.tsx
FN:11,Icons
FN:14,(anonymous_1)
FNF:2
FNH:2
FNDA:127,Icons
FNDA:19,(anonymous_1)
DA:4,4
DA:12,127
DA:13,127
DA:14,19
LF:4
LH:4
BRF:0
BRH:0
end_of_record
TN:
SF:src/components/atoms/logo.tsx
FN:3,Logo
FNF:1
FNH:1
FNDA:1,Logo
DA:4,1
LF:1
LH:1
BRF:0
BRH:0
end_of_record
TN:
SF:src/components/atoms/myLibraryHeader.tsx
FN:3,Header
FNF:1
FNH:1
FNDA:3,Header
DA:4,3
LF:1
LH:1
BRF:0
BRH:0
end_of_record
TN:
SF:src/components/molecules/bookCard.tsx
FN:16,BookCard
FN:18,(anonymous_1)
FN:26,(anonymous_2)
FN:41,(anonymous_3)
FN:42,(anonymous_4)
FNF:5
FNH:5
FNDA:5,BookCard
FNDA:2,(anonymous_1)
FNDA:3,(anonymous_2)
FNDA:1,(anonymous_3)
FNDA:1,(anonymous_4)
DA:17,5
DA:18,5
DA:19,2
DA:20,2
DA:23,5
DA:26,3
DA:41,1
DA:42,1
LF:8
LH:8
BRDA:41,0,0,1
BRDA:41,0,1,4
BRDA:42,1,0,1
BRDA:42,1,1,3
BRF:4
BRH:4
end_of_record
TN:
SF:src/components/molecules/searchbar.tsx
FN:5,SearchBar
FN:11,(anonymous_1)
FNF:2
FNH:2
FNDA:3,SearchBar
FNDA:1,(anonymous_1)
DA:7,3
DA:11,1
LF:2
LH:2
BRF:0
BRH:0
end_of_record
TN:
SF:src/components/organisms/fotter.tsx
FN:19,Fotter
FN:52,GetList
FN:60,(anonymous_2)
FNF:3
FNH:3
FNDA:6,Fotter
FNDA:18,GetList
FNDA:78,(anonymous_2)
DA:6,3
DA:20,6
DA:21,6
DA:22,6
DA:23,6
DA:24,6
DA:53,18
DA:61,78
LF:8
LH:8
BRF:0
BRH:0
end_of_record
TN:
SF:src/components/organisms/menu.tsx
FN:16,(anonymous_0)
FN:28,MenuItems
FN:38,(anonymous_2)
FN:39,(anonymous_3)
FN:40,(anonymous_4)
FN:41,(anonymous_5)
FN:42,(anonymous_6)
FN:43,(anonymous_7)
FN:46,(anonymous_8)
FN:47,(anonymous_9)
FN:48,(anonymous_10)
FN:49,(anonymous_11)
FN:50,(anonymous_12)
FN:51,(anonymous_13)
FN:54,(anonymous_14)
FN:55,(anonymous_15)
FN:56,(anonymous_16)
FN:57,(anonymous_17)
FN:58,(anonymous_18)
FN:59,(anonymous_19)
FN:66,(anonymous_20)
FN:81,(anonymous_21)
FN:86,(anonymous_22)
FN:91,(anonymous_23)
FNF:24
FNH:24
FNDA:6,(anonymous_0)
FNDA:9,MenuItems
FNDA:1,(anonymous_2)
FNDA:1,(anonymous_3)
FNDA:1,(anonymous_4)
FNDA:1,(anonymous_5)
FNDA:1,(anonymous_6)
FNDA:1,(anonymous_7)
FNDA:1,(anonymous_8)
FNDA:1,(anonymous_9)
FNDA:1,(anonymous_10)
FNDA:1,(anonymous_11)
FNDA:1,(anonymous_12)
FNDA:1,(anonymous_13)
FNDA:1,(anonymous_14)
FNDA:1,(anonymous_15)
FNDA:1,(anonymous_16)
FNDA:1,(anonymous_17)
FNDA:1,(anonymous_18)
FNDA:1,(anonymous_19)
FNDA:12,(anonymous_20)
FNDA:1,(anonymous_21)
FNDA:1,(anonymous_22)
FNDA:1,(anonymous_23)
DA:16,6
DA:29,9
DA:32,8
DA:35,7
DA:38,1
DA:39,1
DA:40,1
DA:41,1
DA:42,1
DA:43,1
DA:46,1
DA:47,1
DA:48,1
DA:49,1
DA:50,1
DA:51,1
DA:54,1
DA:55,1
DA:56,1
DA:57,1
DA:58,1
DA:59,1
DA:66,3
DA:67,12
DA:68,9
DA:69,9
DA:71,9
DA:73,9
DA:75,9
DA:81,1
DA:86,1
DA:91,1
LF:32
LH:32
BRDA:29,0,0,1
BRDA:29,0,1,8
BRDA:32,1,0,1
BRDA:32,1,1,7
BRDA:80,2,0,7
BRDA:80,2,1,2
BRDA:85,3,0,1
BRDA:85,3,1,8
BRDA:91,4,0,1
BRDA:91,4,1,8
BRF:10
BRH:10
end_of_record
TN:
SF:src/components/organisms/navbar.tsx
FN:11,NavBar
FN:18,(anonymous_1)
FN:22,(anonymous_2)
FN:68,(anonymous_3)
FN:85,(anonymous_4)
FN:86,(anonymous_5)
FNF:6
FNH:2
FNDA:10,NavBar
FNDA:0,(anonymous_1)
FNDA:0,(anonymous_2)
FNDA:1,(anonymous_3)
FNDA:0,(anonymous_4)
FNDA:0,(anonymous_5)
DA:12,10
DA:14,7
DA:16,7
DA:18,7
DA:19,0
DA:22,7
DA:23,0
DA:25,7
DA:68,1
DA:85,0
DA:86,0
LF:11
LH:7
BRDA:70,0,0,1
BRDA:70,0,1,6
BRDA:73,1,0,7
BRDA:73,1,1,0
BRF:4
BRH:3
end_of_record
