TN:
SF:src/App.tsx
FN:9,App
FNF:1
FNH:0
FNDA:0,App
DA:10,0
LF:1
LH:0
BRF:0
BRH:0
end_of_record
TN:
SF:src/index.tsx
FNF:0
FNH:0
DA:8,0
DA:19,0
LF:2
LH:0
BRF:0
BRH:0
end_of_record
TN:
SF:src/reportWebVitals.ts
FN:3,(anonymous_0)
FN:5,(anonymous_1)
FNF:2
FNH:0
FNDA:0,(anonymous_0)
FNDA:0,(anonymous_1)
DA:3,0
DA:4,0
DA:5,0
DA:6,0
DA:7,0
DA:8,0
DA:9,0
DA:10,0
LF:8
LH:0
BRDA:4,0,0,0
BRDA:4,0,1,0
BRDA:4,1,0,0
BRDA:4,1,1,0
BRF:4
BRH:0
end_of_record
TN:
SF:src/theme.tsx
FNF:0
FNH:0
DA:22,8
DA:24,8
DA:75,8
LF:3
LH:3
BRF:0
BRH:0
end_of_record
TN:
SF:src/classes/bookClass.tsx
FN:11,(anonymous_0)
FNF:1
FNH:1
FNDA:2,(anonymous_0)
DA:12,2
DA:13,2
DA:14,2
DA:15,2
DA:16,2
DA:17,2
DA:18,2
LF:7
LH:7
BRF:0
BRH:0
end_of_record
TN:
SF:src/components/atoms/header/myLibraryHeader.stories.tsx
FN:8,(anonymous_0)
FNF:1
FNH:0
FNDA:0,(anonymous_0)
DA:8,0
LF:1
LH:0
BRF:0
BRH:0
end_of_record
TN:
SF:src/components/atoms/header/myLibraryHeader.tsx
FN:3,Header
FNF:1
FNH:1
FNDA:5,Header
DA:4,5
LF:1
LH:1
BRF:0
BRH:0
end_of_record
TN:
SF:src/components/atoms/icons/icons.stories.tsx
FN:5,(anonymous_0)
FN:8,(anonymous_1)
FNF:2
FNH:0
FNDA:0,(anonymous_0)
FNDA:0,(anonymous_1)
DA:5,0
DA:6,0
DA:8,0
DA:10,0
DA:11,0
DA:12,0
LF:6
LH:0
BRF:0
BRH:0
end_of_record
TN:
SF:src/components/atoms/icons/icons.tsx
FN:12,Icons
FN:15,(anonymous_1)
FNF:2
FNH:2
FNDA:180,Icons
FNDA:20,(anonymous_1)
DA:4,7
DA:13,180
DA:14,180
DA:15,20
LF:4
LH:4
BRF:0
BRH:0
end_of_record
TN:
SF:src/components/atoms/logo/logo.stories.tsx
FN:9,(anonymous_0)
FNF:1
FNH:0
FNDA:0,(anonymous_0)
DA:9,0
LF:1
LH:0
BRF:0
BRH:0
end_of_record
TN:
SF:src/components/atoms/logo/logo.tsx
FN:3,Logo
FNF:1
FNH:0
FNDA:0,Logo
DA:4,0
LF:1
LH:0
BRF:0
BRH:0
end_of_record
TN:
SF:src/components/molecules/bookcard/bookCard.tsx
FN:16,(anonymous_0)
FN:36,BookCard
FN:42,(anonymous_2)
FN:60,(anonymous_3)
FN:76,(anonymous_4)
FN:77,(anonymous_5)
FNF:6
FNH:6
FNDA:4,(anonymous_0)
FNDA:12,BookCard
FNDA:2,(anonymous_2)
FNDA:3,(anonymous_3)
FNDA:1,(anonymous_4)
FNDA:1,(anonymous_5)
DA:16,5
DA:38,12
DA:40,11
DA:42,11
DA:43,2
DA:44,2
DA:47,11
DA:60,3
DA:76,1
DA:77,1
LF:10
LH:10
BRDA:73,0,0,3
BRDA:73,0,1,8
BRDA:76,1,0,7
BRDA:76,1,1,4
BRDA:77,2,0,1
BRDA:77,2,1,3
BRF:6
BRH:6
end_of_record
TN:
SF:src/components/molecules/bookcard/bookcard.stories.tsx
FN:17,(anonymous_0)
FNF:1
FNH:0
FNDA:0,(anonymous_0)
DA:8,0
DA:17,0
LF:2
LH:0
BRF:0
BRH:0
end_of_record
TN:
SF:src/components/molecules/searchbar/searchbar.stories.tsx
FN:7,(anonymous_0)
FNF:1
FNH:0
FNDA:0,(anonymous_0)
DA:7,0
LF:1
LH:0
BRF:0
BRH:0
end_of_record
TN:
SF:src/components/molecules/searchbar/searchbar.tsx
FN:5,SearchBar
FN:11,(anonymous_1)
FNF:2
FNH:2
FNDA:3,SearchBar
FNDA:2,(anonymous_1)
DA:7,3
DA:11,2
LF:2
LH:2
BRF:0
BRH:0
end_of_record
TN:
SF:src/components/organisms/fotter/fotter.stories.tsx
FNF:0
FNH:0
LF:0
LH:0
BRF:0
BRH:0
end_of_record
TN:
SF:src/components/organisms/fotter/fotter.tsx
FN:13,Fotter
FN:46,GetList
FN:54,(anonymous_2)
FNF:3
FNH:3
FNDA:9,Fotter
FNDA:27,GetList
FNDA:117,(anonymous_2)
DA:5,7
DA:14,9
DA:15,9
DA:16,9
DA:17,9
DA:18,9
DA:47,27
DA:55,117
LF:8
LH:8
BRF:0
BRH:0
end_of_record
TN:
SF:src/components/organisms/menu/menu.stories.tsx
FNF:0
FNH:0
LF:0
LH:0
BRF:0
BRH:0
end_of_record
TN:
SF:src/components/organisms/menu/menu.tsx
FN:16,(anonymous_0)
FN:28,MenuItems
FN:38,(anonymous_2)
FN:39,(anonymous_3)
FN:40,(anonymous_4)
FN:41,(anonymous_5)
FN:42,(anonymous_6)
FN:43,(anonymous_7)
FN:46,(anonymous_8)
FN:47,(anonymous_9)
FN:48,(anonymous_10)
FN:49,(anonymous_11)
FN:50,(anonymous_12)
FN:51,(anonymous_13)
FN:54,(anonymous_14)
FN:55,(anonymous_15)
FN:56,(anonymous_16)
FN:57,(anonymous_17)
FN:58,(anonymous_18)
FN:59,(anonymous_19)
FN:66,(anonymous_20)
FN:81,(anonymous_21)
FN:86,(anonymous_22)
FN:91,(anonymous_23)
FNF:24
FNH:24
FNDA:9,(anonymous_0)
FNDA:13,MenuItems
FNDA:3,(anonymous_2)
FNDA:1,(anonymous_3)
FNDA:1,(anonymous_4)
FNDA:1,(anonymous_5)
FNDA:1,(anonymous_6)
FNDA:1,(anonymous_7)
FNDA:1,(anonymous_8)
FNDA:1,(anonymous_9)
FNDA:1,(anonymous_10)
FNDA:1,(anonymous_11)
FNDA:1,(anonymous_12)
FNDA:1,(anonymous_13)
FNDA:1,(anonymous_14)
FNDA:1,(anonymous_15)
FNDA:1,(anonymous_16)
FNDA:1,(anonymous_17)
FNDA:1,(anonymous_18)
FNDA:1,(anonymous_19)
FNDA:20,(anonymous_20)
FNDA:1,(anonymous_21)
FNDA:1,(anonymous_22)
FNDA:1,(anonymous_23)
DA:16,9
DA:29,13
DA:32,12
DA:35,10
DA:38,3
DA:39,1
DA:40,1
DA:41,1
DA:42,1
DA:43,1
DA:46,1
DA:47,1
DA:48,1
DA:49,1
DA:50,1
DA:51,1
DA:54,1
DA:55,1
DA:56,1
DA:57,1
DA:58,1
DA:59,1
DA:66,7
DA:67,20
DA:68,13
DA:69,13
DA:71,13
DA:73,13
DA:75,13
DA:81,1
DA:86,1
DA:91,1
LF:32
LH:32
BRDA:29,0,0,1
BRDA:29,0,1,12
BRDA:32,1,0,2
BRDA:32,1,1,10
BRDA:80,2,0,10
BRDA:80,2,1,3
BRDA:85,3,0,1
BRDA:85,3,1,12
BRDA:91,4,0,2
BRDA:91,4,1,11
BRF:10
BRH:10
end_of_record
TN:
SF:src/components/organisms/navbar/navbar.stories.tsx
FNF:0
FNH:0
LF:0
LH:0
BRF:0
BRH:0
end_of_record
TN:
SF:src/components/organisms/navbar/navbar.tsx
FN:14,(anonymous_0)
FN:24,NavBar
FN:34,(anonymous_2)
FN:38,(anonymous_3)
FN:88,(anonymous_4)
FN:123,(anonymous_5)
FN:126,(anonymous_6)
FNF:7
FNH:4
FNDA:9,(anonymous_0)
FNDA:18,NavBar
FNDA:1,(anonymous_2)
FNDA:0,(anonymous_3)
FNDA:1,(anonymous_4)
FNDA:0,(anonymous_5)
FNDA:0,(anonymous_6)
DA:14,9
DA:26,18
DA:28,11
DA:30,11
DA:32,11
DA:34,11
DA:35,1
DA:38,11
DA:39,0
DA:42,11
DA:44,11
DA:88,1
DA:123,0
DA:126,0
LF:14
LH:11
BRDA:90,0,0,2
BRDA:90,0,1,9
BRDA:93,1,0,11
BRDA:93,1,1,0
BRDA:106,2,0,1
BRDA:106,2,1,10
BRDA:108,3,0,1
BRDA:108,3,1,10
BRF:8
BRH:7
end_of_record
TN:
SF:src/components/pages/bookpage/bookPage.tsx
FN:13,BookPage
FN:19,(anonymous_1)
FN:21,(anonymous_2)
FN:22,(anonymous_3)
FN:25,(anonymous_4)
FN:29,(anonymous_5)
FN:37,(anonymous_6)
FN:37,(anonymous_7)
FNF:8
FNH:4
FNDA:2,BookPage
FNDA:1,(anonymous_1)
FNDA:0,(anonymous_2)
FNDA:0,(anonymous_3)
FNDA:1,(anonymous_4)
FNDA:1,(anonymous_5)
FNDA:0,(anonymous_6)
FNDA:0,(anonymous_7)
DA:15,2
DA:16,1
DA:17,1
DA:19,1
DA:20,1
DA:21,0
DA:22,0
DA:25,1
DA:26,1
DA:29,1
DA:30,1
DA:31,1
DA:37,0
DA:38,0
DA:42,1
LF:15
LH:11
BRF:0
BRH:0
end_of_record
TN:
SF:src/components/pages/bookpage/bookpage.stories.tsx
FNF:0
FNH:0
LF:0
LH:0
BRF:0
BRH:0
end_of_record
TN:
SF:src/components/pages/homepage/homepage.stories.tsx
FNF:0
FNH:0
LF:0
LH:0
BRF:0
BRH:0
end_of_record
TN:
SF:src/components/pages/homepage/homepage.tsx
FN:6,HomePage
FN:10,(anonymous_1)
FN:12,(anonymous_2)
FN:13,(anonymous_3)
FNF:4
FNH:2
FNDA:2,HomePage
FNDA:1,(anonymous_1)
FNDA:0,(anonymous_2)
FNDA:0,(anonymous_3)
DA:7,2
DA:8,1
DA:10,1
DA:11,1
DA:12,0
DA:13,0
DA:17,1
LF:7
LH:5
BRF:0
BRH:0
end_of_record
TN:
SF:src/components/pages/mylibrary/mylibrary,stories.tsx
FNF:0
FNH:0
LF:0
LH:0
BRF:0
BRH:0
end_of_record
TN:
SF:src/components/pages/mylibrary/mylibrary.tsx
FN:8,MyLibrary
FN:12,(anonymous_1)
FN:14,(anonymous_2)
FN:15,(anonymous_3)
FN:18,(anonymous_4)
FN:27,(anonymous_5)
FN:28,(anonymous_6)
FN:31,(anonymous_7)
FN:32,(anonymous_8)
FN:39,(anonymous_9)
FNF:10
FNH:2
FNDA:3,MyLibrary
FNDA:2,(anonymous_1)
FNDA:0,(anonymous_2)
FNDA:0,(anonymous_3)
FNDA:0,(anonymous_4)
FNDA:0,(anonymous_5)
FNDA:0,(anonymous_6)
FNDA:0,(anonymous_7)
FNDA:0,(anonymous_8)
FNDA:0,(anonymous_9)
DA:10,3
DA:12,2
DA:13,2
DA:14,0
DA:15,0
DA:18,2
DA:19,0
DA:20,0
DA:27,0
DA:28,0
DA:30,0
DA:31,0
DA:32,0
DA:35,2
DA:39,0
LF:15
LH:5
BRF:0
BRH:0
end_of_record
TN:
SF:src/components/templates/bookpagetemplate/bookPageTemplate.stories.tsx
FNF:0
FNH:0
LF:0
LH:0
BRF:0
BRH:0
end_of_record
TN:
SF:src/components/templates/bookpagetemplate/bookPageTemplate.tsx
FN:9,BookPageTemplate
FN:15,(anonymous_1)
FN:51,(anonymous_2)
FN:102,TabPanel
FN:122,a11yProps
FNF:5
FNH:4
FNDA:4,BookPageTemplate
FNDA:0,(anonymous_1)
FNDA:2,(anonymous_2)
FNDA:6,TabPanel
FNDA:6,a11yProps
DA:13,4
DA:15,2
DA:16,0
DA:18,2
DA:51,2
DA:103,6
DA:105,6
DA:123,6
LF:8
LH:7
BRDA:113,0,0,6
BRDA:113,0,1,2
BRF:2
BRH:2
end_of_record
TN:
SF:src/components/templates/homepagetemplate/homePageTemplate.stories.tsx
FNF:0
FNH:0
LF:0
LH:0
BRF:0
BRH:0
end_of_record
TN:
SF:src/components/templates/homepagetemplate/homePageTemplate.tsx
FN:9,HomePageTemplate
FN:14,(anonymous_1)
FN:15,(anonymous_2)
FN:18,(anonymous_3)
FN:24,(anonymous_4)
FN:24,(anonymous_5)
FN:27,(anonymous_6)
FN:28,(anonymous_7)
FN:29,(anonymous_8)
FN:30,(anonymous_9)
FN:45,(anonymous_10)
FN:45,(anonymous_11)
FNF:12
FNH:7
FNDA:4,HomePageTemplate
FNDA:1,(anonymous_1)
FNDA:6,(anonymous_2)
FNDA:0,(anonymous_3)
FNDA:0,(anonymous_4)
FNDA:0,(anonymous_5)
FNDA:1,(anonymous_6)
FNDA:6,(anonymous_7)
FNDA:6,(anonymous_8)
FNDA:0,(anonymous_9)
FNDA:6,(anonymous_10)
FNDA:0,(anonymous_11)
DA:14,4
DA:15,6
DA:18,4
DA:19,0
DA:20,0
DA:24,0
DA:27,4
DA:28,6
DA:29,6
DA:30,1
DA:31,1
DA:34,4
DA:45,6
LF:13
LH:10
BRF:0
BRH:0
end_of_record
TN:
SF:src/components/templates/mylibrarytemplate/myLibraryTemplate.tsx
FN:9,MyLibraryTemplate
FN:15,(anonymous_1)
FN:37,(anonymous_2)
FN:37,(anonymous_3)
FN:37,(anonymous_4)
FN:42,(anonymous_5)
FN:42,(anonymous_6)
FN:42,(anonymous_7)
FN:59,TabPanel
FN:79,a11yProps
FNF:10
FNH:5
FNDA:6,MyLibraryTemplate
FNDA:0,(anonymous_1)
FNDA:12,(anonymous_2)
FNDA:0,(anonymous_3)
FNDA:0,(anonymous_4)
FNDA:12,(anonymous_5)
FNDA:0,(anonymous_6)
FNDA:0,(anonymous_7)
FNDA:8,TabPanel
FNDA:8,a11yProps
DA:13,6
DA:15,4
DA:16,4
DA:37,12
DA:42,12
DA:60,8
DA:62,8
DA:80,8
LF:8
LH:8
BRDA:70,0,0,8
BRDA:70,0,1,4
BRF:2
BRH:2
end_of_record
TN:
SF:src/components/templates/mylibrarytemplate/mylibraryTemplate.stories.tsx
FNF:0
FNH:0
LF:0
LH:0
BRF:0
BRH:0
end_of_record
